#
# There is insufficient memory for the Java Runtime Environment to continue.
# Native memory allocation (malloc) failed to allocate 32744 bytes for ChunkPool::allocate
# Possible reasons:
#   The system is out of physical RAM or swap space
#   The process is running with CompressedOops enabled, and the Java Heap may be blocking the growth of the native heap
# Possible solutions:
#   Reduce memory load on the system
#   Increase physical memory or swap space
#   Check if swap backing store is full
#   Decrease Java heap size (-Xmx/-Xms)
#   Decrease number of Java threads
#   Decrease Java thread stack sizes (-Xss)
#   Set larger code cache with -XX:ReservedCodeCacheSize=
#   JVM is running with Zero Based Compressed Oops mode in which the Java heap is
#     placed in the first 32GB address space. The Java Heap base address is the
#     maximum limit for the native heap growth. Please use -XX:HeapBaseMinAddress
#     to set the Java Heap base and to place the Java Heap above 32GB virtual address.
# This output file may be truncated or incomplete.
#
#  Out of Memory Error (t:/workspace/hotspot/src/share/vm/memory/allocation.cpp:256), pid=23096, tid=27288
#
# JRE version: Java(TM) SE Runtime Environment (9.0+11) (build 9.0.4+11)
# Java VM: Java HotSpot(TM) 64-Bit Server VM (9.0.4+11, mixed mode, tiered, compressed oops, g1 gc, windows-amd64)
# No core dump will be written. Minidumps are not enabled by default on client versions of Windows
#

---------------  S U M M A R Y ------------

Command Line: -ea -Didea.test.cyclic.buffer.size=1048576 -javaagent:C:\Program Files\JetBrains\IntelliJ IDEA Community Edition 2018.2.4\lib\idea_rt.jar=49718:C:\Program Files\JetBrains\IntelliJ IDEA Community Edition 2018.2.4\bin -Dfile.encoding=UTF-8 com.intellij.rt.execution.junit.JUnitStarter -ideVersion5 -junit4 com.github.jomof.buildserver.server.MasterServerTest,spam

Host: Intel(R) Core(TM) i7-7500U CPU @ 2.70GHz, 4 cores, 15G,  Windows 10 , 64 bit Build 17763 (10.0.17763.1)
Time: Wed Oct 24 18:30:50 2018 Pacific Daylight Time elapsed time: 25 seconds (0d 0h 0m 25s)

---------------  T H R E A D  ---------------

Current thread (0x000002ecd3bd3000):  JavaThread "C2 CompilerThread0" daemon [_thread_in_vm, id=27288, stack(0x000000fdd8500000,0x000000fdd8600000)]


Current CompileTask:
C2:  25265 1129       4       java.io.WinNTFileSystem::normalize (224 bytes)

Stack: [0x000000fdd8500000,0x000000fdd8600000]
Native frames: (J=compiled Java code, j=interpreted, Vv=VM code, C=native code)
V  [jvm.dll+0x587068]
V  [jvm.dll+0x69c25e]
V  [jvm.dll+0x69d17a]
V  [jvm.dll+0x69d7b3]
V  [jvm.dll+0x21d198]
V  [jvm.dll+0xa802d]
V  [jvm.dll+0xa7afa]
V  [jvm.dll+0xa83ec]
V  [jvm.dll+0x192c5f]
V  [jvm.dll+0x180034]
V  [jvm.dll+0x1f640f]
V  [jvm.dll+0x1f51f6]
V  [jvm.dll+0x66b44f]
V  [jvm.dll+0x586490]
C  [msvcr120.dll+0x24f7f]
C  [msvcr120.dll+0x25126]
C  [KERNEL32.DLL+0x17e94]
C  [ntdll.dll+0x67ad1]


---------------  P R O C E S S  ---------------

Java Threads: ( => current thread )
  0x000002ecd47ab000 JavaThread "Thread-99" [_thread_in_native, id=23724, stack(0x000000fddf000000,0x000000fddf100000)]
  0x000002ecd47ae800 JavaThread "Thread-98" [_thread_in_native, id=16844, stack(0x000000fddef00000,0x000000fddf000000)]
  0x000002ecd47ae000 JavaThread "Thread-97" [_thread_in_native, id=19524, stack(0x000000fddee00000,0x000000fddef00000)]
  0x000002ecd47af800 JavaThread "Thread-96" [_thread_in_native, id=19932, stack(0x000000fdded00000,0x000000fddee00000)]
  0x000002ecd47ad000 JavaThread "Thread-95" [_thread_in_Java, id=19768, stack(0x000000fddec00000,0x000000fdded00000)]
  0x000002ecd47aa000 JavaThread "Thread-94" [_thread_in_native, id=21512, stack(0x000000fddeb00000,0x000000fddec00000)]
  0x000002ecd47a2800 JavaThread "Thread-93" [_thread_in_native, id=13536, stack(0x000000fddea00000,0x000000fddeb00000)]
  0x000002ecd47a8000 JavaThread "Thread-92" [_thread_in_native, id=6248, stack(0x000000fdde900000,0x000000fddea00000)]
  0x000002ecd47a9800 JavaThread "Thread-91" [_thread_in_native, id=18296, stack(0x000000fdde800000,0x000000fdde900000)]
  0x000002ecd47a6800 JavaThread "Thread-90" [_thread_in_native, id=1144, stack(0x000000fdde700000,0x000000fdde800000)]
  0x000002ecd47a5800 JavaThread "Thread-89" [_thread_in_native, id=18388, stack(0x000000fdde600000,0x000000fdde700000)]
  0x000002ecd47a2000 JavaThread "Thread-88" [_thread_in_native, id=27388, stack(0x000000fdde500000,0x000000fdde600000)]
  0x000002ecd47a8800 JavaThread "Thread-87" [_thread_in_native, id=23252, stack(0x000000fdde400000,0x000000fdde500000)]
  0x000002ecd47a1000 JavaThread "Thread-86" [_thread_in_native, id=25960, stack(0x000000fdde300000,0x000000fdde400000)]
  0x000002ecd47a3800 JavaThread "Thread-85" [_thread_in_native, id=22540, stack(0x000000fdde200000,0x000000fdde300000)]
  0x000002ecd47a5000 JavaThread "Thread-84" [_thread_in_native, id=15848, stack(0x000000fdde100000,0x000000fdde200000)]
  0x000002ecd47a0800 JavaThread "Thread-83" [_thread_in_native, id=20408, stack(0x000000fdde000000,0x000000fdde100000)]
  0x000002ecd47a4000 JavaThread "Thread-82" [_thread_in_native, id=24912, stack(0x000000fdddf00000,0x000000fdde000000)]
  0x000002ecd47a7000 JavaThread "Thread-81" [_thread_in_Java, id=25320, stack(0x000000fddde00000,0x000000fdddf00000)]
  0x000002ecd4783000 JavaThread "Thread-80" [_thread_in_native, id=25732, stack(0x000000fdddd00000,0x000000fddde00000)]
  0x000002ecd4782000 JavaThread "Thread-79" [_thread_in_native, id=8544, stack(0x000000fdddc00000,0x000000fdddd00000)]
  0x000002ecd4780800 JavaThread "Thread-78" [_thread_in_native, id=15656, stack(0x000000fdddb00000,0x000000fdddc00000)]
  0x000002ecd477f000 JavaThread "Thread-77" [_thread_in_native, id=20960, stack(0x000000fddda00000,0x000000fdddb00000)]
  0x000002ecd4784800 JavaThread "Thread-76" [_thread_in_native, id=23844, stack(0x000000fddd900000,0x000000fddda00000)]
  0x000002ecd4785000 JavaThread "Thread-75" [_thread_in_native, id=15588, stack(0x000000fddd800000,0x000000fddd900000)]
  0x000002ecd4783800 JavaThread "Thread-74" [_thread_in_native, id=26668, stack(0x000000fddd700000,0x000000fddd800000)]
  0x000002ecd4781800 JavaThread "Thread-73" [_thread_in_native, id=24992, stack(0x000000fddd600000,0x000000fddd700000)]
  0x000002ecd4780000 JavaThread "Thread-72" [_thread_in_native, id=16028, stack(0x000000fddd500000,0x000000fddd600000)]
  0x000002ecd4777800 JavaThread "Thread-71" [_thread_in_native, id=26268, stack(0x000000fddd400000,0x000000fddd500000)]
  0x000002ecd477e800 JavaThread "Thread-70" [_thread_in_native, id=19176, stack(0x000000fddd300000,0x000000fddd400000)]
  0x000002ecd477a000 JavaThread "Thread-69" [_thread_in_native, id=15420, stack(0x000000fddd200000,0x000000fddd300000)]
  0x000002ecd477d800 JavaThread "Thread-68" [_thread_in_native, id=6432, stack(0x000000fddd100000,0x000000fddd200000)]
  0x000002ecd477c000 JavaThread "Thread-67" [_thread_in_native, id=17784, stack(0x000000fddd000000,0x000000fddd100000)]
  0x000002ecd4777000 JavaThread "Thread-66" [_thread_in_native, id=27540, stack(0x000000fddcf00000,0x000000fddd000000)]
  0x000002ecd477b800 JavaThread "Thread-65" [_thread_in_native, id=7076, stack(0x000000fddce00000,0x000000fddcf00000)]
  0x000002ecd477d000 JavaThread "Thread-64" [_thread_in_native, id=22092, stack(0x000000fddcd00000,0x000000fddce00000)]
  0x000002ecd4779000 JavaThread "Thread-63" [_thread_in_native, id=25912, stack(0x000000fddcc00000,0x000000fddcd00000)]
  0x000002ecd4778800 JavaThread "Thread-62" [_thread_in_native, id=20900, stack(0x000000fddcb00000,0x000000fddcc00000)]
  0x000002ecd4776000 JavaThread "Thread-61" [_thread_in_native, id=5596, stack(0x000000fddca00000,0x000000fddcb00000)]
  0x000002ecd477a800 JavaThread "Thread-60" [_thread_in_native, id=3436, stack(0x000000fddc900000,0x000000fddca00000)]
  0x000002ecd4750800 JavaThread "Thread-59" [_thread_in_native, id=12552, stack(0x000000fddc800000,0x000000fddc900000)]
  0x000002ecd474f800 JavaThread "Thread-58" [_thread_in_native, id=24928, stack(0x000000fddc700000,0x000000fddc800000)]
  0x000002ecd474f000 JavaThread "Thread-57" [_thread_in_native, id=14648, stack(0x000000fddc600000,0x000000fddc700000)]
  0x000002ecd4753800 JavaThread "Thread-56" [_thread_in_native, id=24112, stack(0x000000fddc500000,0x000000fddc600000)]
  0x000002ecd4752800 JavaThread "Thread-55" [_thread_in_native, id=18704, stack(0x000000fddc400000,0x000000fddc500000)]
  0x000002ecd4752000 JavaThread "Thread-54" [_thread_in_native, id=21124, stack(0x000000fddc300000,0x000000fddc400000)]
  0x000002ecd4751000 JavaThread "Thread-53" [_thread_in_native, id=14864, stack(0x000000fddc200000,0x000000fddc300000)]
  0x000002ecd4747800 JavaThread "Thread-52" [_thread_in_native, id=21544, stack(0x000000fddc100000,0x000000fddc200000)]
  0x000002ecd474e000 JavaThread "Thread-51" [_thread_in_native, id=21164, stack(0x000000fddc000000,0x000000fddc100000)]
  0x000002ecd4746800 JavaThread "Thread-50" [_thread_in_native, id=20760, stack(0x000000fddbf00000,0x000000fddc000000)]
  0x000002ecd474d800 JavaThread "Thread-49" [_thread_in_native, id=19216, stack(0x000000fddbe00000,0x000000fddbf00000)]
  0x000002ecd4745800 JavaThread "Thread-48" [_thread_in_native, id=24628, stack(0x000000fddbd00000,0x000000fddbe00000)]
  0x000002ecd474c800 JavaThread "Thread-47" [_thread_in_native, id=21588, stack(0x000000fddbc00000,0x000000fddbd00000)]
  0x000002ecd4749800 JavaThread "Thread-46" [_thread_in_vm, id=10644, stack(0x000000fddbb00000,0x000000fddbc00000)]
  0x000002ecd4748000 JavaThread "Thread-45" [_thread_in_native, id=14000, stack(0x000000fddba00000,0x000000fddbb00000)]
  0x000002ecd474a800 JavaThread "Thread-44" [_thread_in_native, id=25640, stack(0x000000fddb900000,0x000000fddba00000)]
  0x000002ecd4745000 JavaThread "Thread-43" [_thread_in_native, id=17636, stack(0x000000fddb800000,0x000000fddb900000)]
  0x000002ecd4749000 JavaThread "Thread-42" [_thread_in_native, id=21844, stack(0x000000fddb700000,0x000000fddb800000)]
  0x000002ecd474b000 JavaThread "Thread-41" [_thread_in_native, id=16484, stack(0x000000fddb600000,0x000000fddb700000)]
  0x000002ecd474c000 JavaThread "Thread-40" [_thread_in_native, id=8588, stack(0x000000fddb500000,0x000000fddb600000)]
  0x000002ecd4744000 JavaThread "Thread-39" [_thread_in_native, id=12600, stack(0x000000fddb400000,0x000000fddb500000)]
  0x000002ecd4714800 JavaThread "Thread-38" [_thread_in_native, id=12608, stack(0x000000fddb300000,0x000000fddb400000)]
  0x000002ecd4713800 JavaThread "Thread-37" [_thread_in_native, id=22672, stack(0x000000fddb200000,0x000000fddb300000)]
  0x000002ecd4713000 JavaThread "Thread-36" [_thread_in_native, id=15868, stack(0x000000fddb100000,0x000000fddb200000)]
  0x000002ecd4718800 JavaThread "Thread-35" [_thread_in_native, id=19008, stack(0x000000fddb000000,0x000000fddb100000)]
  0x000002ecd4717800 JavaThread "Thread-34" [_thread_in_native, id=22668, stack(0x000000fddaf00000,0x000000fddb000000)]
  0x000002ecd4716800 JavaThread "Thread-33" [_thread_in_vm, id=19068, stack(0x000000fddae00000,0x000000fddaf00000)]
  0x000002ecd4715000 JavaThread "Thread-32" [_thread_in_native, id=26128, stack(0x000000fddad00000,0x000000fddae00000)]
  0x000002ecd4716000 JavaThread "Thread-31" [_thread_in_native, id=26984, stack(0x000000fddac00000,0x000000fddad00000)]
  0x000002ecd4712000 JavaThread "Thread-30" [_thread_in_native, id=8376, stack(0x000000fddab00000,0x000000fddac00000)]
  0x000002ecd470a800 JavaThread "Thread-29" [_thread_in_native, id=20036, stack(0x000000fddaa00000,0x000000fddab00000)]
  0x000002ecd4711800 JavaThread "Thread-28" [_thread_in_native, id=24568, stack(0x000000fdda900000,0x000000fddaa00000)]
  0x000002ecd470a000 JavaThread "Thread-27" [_thread_in_native, id=21660, stack(0x000000fdda800000,0x000000fdda900000)]
  0x000002ecd4710800 JavaThread "Thread-26" [_thread_in_native, id=22240, stack(0x000000fdda700000,0x000000fdda800000)]
  0x000002ecd4710000 JavaThread "Thread-25" [_thread_in_native, id=21324, stack(0x000000fdda600000,0x000000fdda700000)]
  0x000002ecd470f000 JavaThread "Thread-24" [_thread_in_native, id=15500, stack(0x000000fdda500000,0x000000fdda600000)]
  0x000002ecd470e800 JavaThread "Thread-23" [_thread_in_native, id=27360, stack(0x000000fdda400000,0x000000fdda500000)]
  0x000002ecd470d000 JavaThread "Thread-22" [_thread_in_native, id=13572, stack(0x000000fdda300000,0x000000fdda400000)]
  0x000002ecd4709000 JavaThread "Thread-21" [_thread_in_native, id=10480, stack(0x000000fdda200000,0x000000fdda300000)]
  0x000002ecd470c000 JavaThread "Thread-20" [_thread_in_native, id=19776, stack(0x000000fdda100000,0x000000fdda200000)]
  0x000002ecd470b800 JavaThread "Thread-19" [_thread_in_native, id=17044, stack(0x000000fdda000000,0x000000fdda100000)]
  0x000002ecd470d800 JavaThread "Thread-18" [_thread_in_native, id=5704, stack(0x000000fdd9f00000,0x000000fdda000000)]
  0x000002ecd4670800 JavaThread "Thread-17" [_thread_in_native, id=10964, stack(0x000000fdd9e00000,0x000000fdd9f00000)]
  0x000002ecd466f800 JavaThread "Thread-16" [_thread_in_native, id=24684, stack(0x000000fdd9d00000,0x000000fdd9e00000)]
  0x000002ecd466d000 JavaThread "Thread-15" [_thread_in_native, id=25280, stack(0x000000fdd9c00000,0x000000fdd9d00000)]
  0x000002ecd466b800 JavaThread "Thread-14" [_thread_in_native, id=26920, stack(0x000000fdd9b00000,0x000000fdd9c00000)]
  0x000002ecd466b000 JavaThread "Thread-13" [_thread_in_native, id=18112, stack(0x000000fdd9a00000,0x000000fdd9b00000)]
  0x000002ecd466f000 JavaThread "Thread-12" [_thread_in_native, id=23840, stack(0x000000fdd9900000,0x000000fdd9a00000)]
  0x000002ecd4671000 JavaThread "Thread-11" [_thread_in_native, id=476, stack(0x000000fdd9800000,0x000000fdd9900000)]
  0x000002ecd466a000 JavaThread "Thread-10" [_thread_in_native, id=22880, stack(0x000000fdd9700000,0x000000fdd9800000)]
  0x000002ecd466e000 JavaThread "Thread-9" [_thread_in_native, id=24336, stack(0x000000fdd9600000,0x000000fdd9700000)]
  0x000002ecd466c800 JavaThread "Thread-8" [_thread_in_native, id=4968, stack(0x000000fdd9500000,0x000000fdd9600000)]
  0x000002ecd46d7000 JavaThread "Thread-7" [_thread_in_native, id=21684, stack(0x000000fdd9400000,0x000000fdd9500000)]
  0x000002ecd46d6000 JavaThread "Thread-6" [_thread_in_native, id=17168, stack(0x000000fdd9300000,0x000000fdd9400000)]
  0x000002ecd46d5800 JavaThread "Thread-5" [_thread_in_native, id=18304, stack(0x000000fdd9200000,0x000000fdd9300000)]
  0x000002ecd46d4800 JavaThread "Thread-4" [_thread_in_native, id=17768, stack(0x000000fdd9100000,0x000000fdd9200000)]
  0x000002ecd46d4000 JavaThread "Thread-3" [_thread_in_native, id=26472, stack(0x000000fdd9000000,0x000000fdd9100000)]
  0x000002ecd3f8e800 JavaThread "Thread-2" [_thread_in_native, id=16580, stack(0x000000fdd8f00000,0x000000fdd9000000)]
  0x000002ecd3f8d800 JavaThread "Thread-1" [_thread_in_native, id=19300, stack(0x000000fdd8e00000,0x000000fdd8f00000)]
  0x000002ecd467c800 JavaThread "Thread-0" [_thread_in_native, id=17856, stack(0x000000fdd8d00000,0x000000fdd8e00000)]
  0x000002ecd3ddb000 JavaThread "Service Thread" daemon [_thread_blocked, id=17824, stack(0x000000fdd8b00000,0x000000fdd8c00000)]
  0x000002ecd3dd2000 JavaThread "Monitor Ctrl-Break" daemon [_thread_in_native, id=14784, stack(0x000000fdd8a00000,0x000000fdd8b00000)]
  0x000002ecd3c72800 JavaThread "Common-Cleaner" daemon [_thread_blocked, id=2704, stack(0x000000fdd8900000,0x000000fdd8a00000)]
  0x000002ecd3bdc000 JavaThread "Sweeper thread" daemon [_thread_blocked, id=24196, stack(0x000000fdd8800000,0x000000fdd8900000)]
  0x000002ecd3bd4800 JavaThread "C1 CompilerThread2" daemon [_thread_in_native, id=22024, stack(0x000000fdd8700000,0x000000fdd8800000)]
  0x000002ecd3bd4000 JavaThread "C2 CompilerThread1" daemon [_thread_in_native, id=22048, stack(0x000000fdd8600000,0x000000fdd8700000)]
=>0x000002ecd3bd3000 JavaThread "C2 CompilerThread0" daemon [_thread_in_vm, id=27288, stack(0x000000fdd8500000,0x000000fdd8600000)]
  0x000002ecd3bd2800 JavaThread "Attach Listener" daemon [_thread_blocked, id=15652, stack(0x000000fdd8400000,0x000000fdd8500000)]
  0x000002ecd326f000 JavaThread "Signal Dispatcher" daemon [_thread_blocked, id=20384, stack(0x000000fdd8300000,0x000000fdd8400000)]
  0x000002ecd3276800 JavaThread "Finalizer" daemon [_thread_blocked, id=23588, stack(0x000000fdd8200000,0x000000fdd8300000)]
  0x000002ecd3273000 JavaThread "Reference Handler" daemon [_thread_blocked, id=4692, stack(0x000000fdd8100000,0x000000fdd8200000)]
  0x000002ecab56f000 JavaThread "main" [_thread_in_native, id=14644, stack(0x000000fdd7400000,0x000000fdd7500000)]

Other Threads:
  0x000002ecd325f000 VMThread "VM Thread" [stack: 0x000000fdd8000000,0x000000fdd8100000] [id=19188]
  0x000002ecd3de5000 WatcherThread [stack: 0x000000fdd8c00000,0x000000fdd8d00000] [id=27412]
  0x000002ecab586000 GCTaskThread "GC Thread#0" [stack: 0x000000fdd7500000,0x000000fdd7600000] [id=16008]
  0x000002ecab588800 GCTaskThread "GC Thread#1" [stack: 0x000000fdd7600000,0x000000fdd7700000] [id=14780]
  0x000002ecab58a000 GCTaskThread "GC Thread#2" [stack: 0x000000fdd7700000,0x000000fdd7800000] [id=13840]
  0x000002ecab58c800 GCTaskThread "GC Thread#3" [stack: 0x000000fdd7800000,0x000000fdd7900000] [id=1952]
  0x000002ecab5e6800 ConcurrentGCThread "G1 Main Marker" [stack: 0x000000fdd7e00000,0x000000fdd7f00000] [id=5560]
  0x000002ecab5f0000 ConcurrentGCThread "G1 Marker#0" [stack: 0x000000fdd7f00000,0x000000fdd8000000] [id=14412]
  0x000002ecab595000 ConcurrentGCThread "G1 Refine#0" [stack: 0x000000fdd7c00000,0x000000fdd7d00000] [id=23380]
  0x000002ecab592800 ConcurrentGCThread "G1 Refine#1" [stack: 0x000000fdd7b00000,0x000000fdd7c00000] [id=20940]
  0x000002ecab591800 ConcurrentGCThread "G1 Refine#2" [stack: 0x000000fdd7a00000,0x000000fdd7b00000] [id=17720]
  0x000002ecab58d800 ConcurrentGCThread "G1 Refine#3" [stack: 0x000000fdd7900000,0x000000fdd7a00000] [id=8492]
  0x000002ecab597800 ConcurrentGCThread "G1 Young RemSet Sampling" [stack: 0x000000fdd7d00000,0x000000fdd7e00000] [id=24892]

Threads with active compile tasks:
C1 CompilerThread21122       3       java.io.ObjectStreamClass::forClass (52 bytes)
C2 CompilerThread11139       4       com.github.jomof.buildserver.server.model.ClangFlagGroups::split (108 bytes)
C2 CompilerThread01129       4       java.io.WinNTFileSystem::normalize (224 bytes)

VM state:not at safepoint (normal execution)

VM Mutex/Monitor currently owned by a thread: None

Heap address: 0x00000006c1a00000, size: 4070 MB, Compressed Oops mode: Zero based, Oop shift amount: 3
Narrow klass base: 0x0000000000000000, Narrow klass shift: 3
Compressed class space size: 1073741824 Address: 0x00000007c0000000

Heap:
 garbage-first heap   total 262144K, used 56064K [0x00000006c1a00000, 0x00000006c1b00800, 0x00000007c0000000)
  region size 1024K, 55 young (56320K), 2 survivors (2048K)
 Metaspace       used 11022K, capacity 11230K, committed 11392K, reserved 1058816K
  class space    used 978K, capacity 1047K, committed 1152K, reserved 1048576K
Heap Regions: E=young(eden), S=young(survivor), O=old, HS=humongous(starts), HC=humongous(continues), CS=collection set, F=free, A=archive, TS=gc time stamp, AC=allocation context, TAMS=top-at-mark-start (previous, next)
|   0|0x00000006c1a00000, 0x00000006c1ac0200, 0x00000006c1b00000| 75%| O|  |TS  1|AC  0|TAMS 0x00000006c1a00000, 0x00000006c1a00000|
|   1|0x00000006c1b00000, 0x00000006c1b00000, 0x00000006c1c00000|  0%| F|  |TS  0|AC  0|TAMS 0x00000006c1b00000, 0x00000006c1b00000|
|   2|0x00000006c1c00000, 0x00000006c1c00000, 0x00000006c1d00000|  0%| F|  |TS  0|AC  0|TAMS 0x00000006c1c00000, 0x00000006c1c00000|
|   3|0x00000006c1d00000, 0x00000006c1d00000, 0x00000006c1e00000|  0%| F|  |TS  0|AC  0|TAMS 0x00000006c1d00000, 0x00000006c1d00000|
|   4|0x00000006c1e00000, 0x00000006c1e00000, 0x00000006c1f00000|  0%| F|  |TS  0|AC  0|TAMS 0x00000006c1e00000, 0x00000006c1e00000|
|   5|0x00000006c1f00000, 0x00000006c1f00000, 0x00000006c2000000|  0%| F|  |TS  0|AC  0|TAMS 0x00000006c1f00000, 0x00000006c1f00000|
|   6|0x00000006c2000000, 0x00000006c2000000, 0x00000006c2100000|  0%| F|  |TS  0|AC  0|TAMS 0x00000006c2000000, 0x00000006c2000000|
|   7|0x00000006c2100000, 0x00000006c2100000, 0x00000006c2200000|  0%| F|  |TS  0|AC  0|TAMS 0x00000006c2100000, 0x00000006c2100000|
|   8|0x00000006c2200000, 0x00000006c2200000, 0x00000006c2300000|  0%| F|  |TS  0|AC  0|TAMS 0x00000006c2200000, 0x00000006c2200000|
|   9|0x00000006c2300000, 0x00000006c2300000, 0x00000006c2400000|  0%| F|  |TS  0|AC  0|TAMS 0x00000006c2300000, 0x00000006c2300000|
|  10|0x00000006c2400000, 0x00000006c2400000, 0x00000006c2500000|  0%| F|  |TS  0|AC  0|TAMS 0x00000006c2400000, 0x00000006c2400000|
|  11|0x00000006c2500000, 0x00000006c2500000, 0x00000006c2600000|  0%| F|  |TS  0|AC  0|TAMS 0x00000006c2500000, 0x00000006c2500000|
|  12|0x00000006c2600000, 0x00000006c2600000, 0x00000006c2700000|  0%| F|  |TS  0|AC  0|TAMS 0x00000006c2600000, 0x00000006c2600000|
|  13|0x00000006c2700000, 0x00000006c2700000, 0x00000006c2800000|  0%| F|  |TS  0|AC  0|TAMS 0x00000006c2700000, 0x00000006c2700000|
|  14|0x00000006c2800000, 0x00000006c2800000, 0x00000006c2900000|  0%| F|  |TS  0|AC  0|TAMS 0x00000006c2800000, 0x00000006c2800000|
|  15|0x00000006c2900000, 0x00000006c2900000, 0x00000006c2a00000|  0%| F|  |TS  0|AC  0|TAMS 0x00000006c2900000, 0x00000006c2900000|
|  16|0x00000006c2a00000, 0x00000006c2a00000, 0x00000006c2b00000|  0%| F|  |TS  0|AC  0|TAMS 0x00000006c2a00000, 0x00000006c2a00000|
|  17|0x00000006c2b00000, 0x00000006c2b00000, 0x00000006c2c00000|  0%| F|  |TS  0|AC  0|TAMS 0x00000006c2b00000, 0x00000006c2b00000|
|  18|0x00000006c2c00000, 0x00000006c2c00000, 0x00000006c2d00000|  0%| F|  |TS  0|AC  0|TAMS 0x00000006c2c00000, 0x00000006c2c00000|
|  19|0x00000006c2d00000, 0x00000006c2d00000, 0x00000006c2e00000|  0%| F|  |TS  0|AC  0|TAMS 0x00000006c2d00000, 0x00000006c2d00000|
|  20|0x00000006c2e00000, 0x00000006c2e00000, 0x00000006c2f00000|  0%| F|  |TS  0|AC  0|TAMS 0x00000006c2e00000, 0x00000006c2e00000|
|  21|0x00000006c2f00000, 0x00000006c2f00000, 0x00000006c3000000|  0%| F|  |TS  0|AC  0|TAMS 0x00000006c2f00000, 0x00000006c2f00000|
|  22|0x00000006c3000000, 0x00000006c3000000, 0x00000006c3100000|  0%| F|  |TS  0|AC  0|TAMS 0x00000006c3000000, 0x00000006c3000000|
|  23|0x00000006c3100000, 0x00000006c3100000, 0x00000006c3200000|  0%| F|  |TS  0|AC  0|TAMS 0x00000006c3100000, 0x00000006c3100000|
|  24|0x00000006c3200000, 0x00000006c3200000, 0x00000006c3300000|  0%| F|  |TS  0|AC  0|TAMS 0x00000006c3200000, 0x00000006c3200000|
|  25|0x00000006c3300000, 0x00000006c3300000, 0x00000006c3400000|  0%| F|  |TS  0|AC  0|TAMS 0x00000006c3300000, 0x00000006c3300000|
|  26|0x00000006c3400000, 0x00000006c3400000, 0x00000006c3500000|  0%| F|  |TS  0|AC  0|TAMS 0x00000006c3400000, 0x00000006c3400000|
|  27|0x00000006c3500000, 0x00000006c3500000, 0x00000006c3600000|  0%| F|  |TS  0|AC  0|TAMS 0x00000006c3500000, 0x00000006c3500000|
|  28|0x00000006c3600000, 0x00000006c3600000, 0x00000006c3700000|  0%| F|  |TS  0|AC  0|TAMS 0x00000006c3600000, 0x00000006c3600000|
|  29|0x00000006c3700000, 0x00000006c3700000, 0x00000006c3800000|  0%| F|  |TS  0|AC  0|TAMS 0x00000006c3700000, 0x00000006c3700000|
|  30|0x00000006c3800000, 0x00000006c3800000, 0x00000006c3900000|  0%| F|  |TS  0|AC  0|TAMS 0x00000006c3800000, 0x00000006c3800000|
|  31|0x00000006c3900000, 0x00000006c3900000, 0x00000006c3a00000|  0%| F|  |TS  0|AC  0|TAMS 0x00000006c3900000, 0x00000006c3900000|
|  32|0x00000006c3a00000, 0x00000006c3a00000, 0x00000006c3b00000|  0%| F|  |TS  0|AC  0|TAMS 0x00000006c3a00000, 0x00000006c3a00000|
|  33|0x00000006c3b00000, 0x00000006c3b00000, 0x00000006c3c00000|  0%| F|  |TS  0|AC  0|TAMS 0x00000006c3b00000, 0x00000006c3b00000|
|  34|0x00000006c3c00000, 0x00000006c3c00000, 0x00000006c3d00000|  0%| F|  |TS  0|AC  0|TAMS 0x00000006c3c00000, 0x00000006c3c00000|
|  35|0x00000006c3d00000, 0x00000006c3d00000, 0x00000006c3e00000|  0%| F|  |TS  0|AC  0|TAMS 0x00000006c3d00000, 0x00000006c3d00000|
|  36|0x00000006c3e00000, 0x00000006c3e00000, 0x00000006c3f00000|  0%| F|  |TS  0|AC  0|TAMS 0x00000006c3e00000, 0x00000006c3e00000|
|  37|0x00000006c3f00000, 0x00000006c3f00000, 0x00000006c4000000|  0%| F|  |TS  0|AC  0|TAMS 0x00000006c3f00000, 0x00000006c3f00000|
|  38|0x00000006c4000000, 0x00000006c4000000, 0x00000006c4100000|  0%| F|  |TS  0|AC  0|TAMS 0x00000006c4000000, 0x00000006c4000000|
|  39|0x00000006c4100000, 0x00000006c4100000, 0x00000006c4200000|  0%| F|  |TS  0|AC  0|TAMS 0x00000006c4100000, 0x00000006c4100000|
|  40|0x00000006c4200000, 0x00000006c4200000, 0x00000006c4300000|  0%| F|  |TS  0|AC  0|TAMS 0x00000006c4200000, 0x00000006c4200000|
|  41|0x00000006c4300000, 0x00000006c4300000, 0x00000006c4400000|  0%| F|  |TS  0|AC  0|TAMS 0x00000006c4300000, 0x00000006c4300000|
|  42|0x00000006c4400000, 0x00000006c4400000, 0x00000006c4500000|  0%| F|  |TS  0|AC  0|TAMS 0x00000006c4400000, 0x00000006c4400000|
|  43|0x00000006c4500000, 0x00000006c4500000, 0x00000006c4600000|  0%| F|  |TS  0|AC  0|TAMS 0x00000006c4500000, 0x00000006c4500000|
|  44|0x00000006c4600000, 0x00000006c4600000, 0x00000006c4700000|  0%| F|  |TS  0|AC  0|TAMS 0x00000006c4600000, 0x00000006c4600000|
|  45|0x00000006c4700000, 0x00000006c4700000, 0x00000006c4800000|  0%| F|  |TS  0|AC  0|TAMS 0x00000006c4700000, 0x00000006c4700000|
|  46|0x00000006c4800000, 0x00000006c4800000, 0x00000006c4900000|  0%| F|  |TS  0|AC  0|TAMS 0x00000006c4800000, 0x00000006c4800000|
|  47|0x00000006c4900000, 0x00000006c4900000, 0x00000006c4a00000|  0%| F|  |TS  0|AC  0|TAMS 0x00000006c4900000, 0x00000006c4900000|
|  48|0x00000006c4a00000, 0x00000006c4a00000, 0x00000006c4b00000|  0%| F|  |TS  0|AC  0|TAMS 0x00000006c4a00000, 0x00000006c4a00000|
|  49|0x00000006c4b00000, 0x00000006c4b00000, 0x00000006c4c00000|  0%| F|  |TS  0|AC  0|TAMS 0x00000006c4b00000, 0x00000006c4b00000|
|  50|0x00000006c4c00000, 0x00000006c4c00000, 0x00000006c4d00000|  0%| F|  |TS  0|AC  0|TAMS 0x00000006c4c00000, 0x00000006c4c00000|
|  51|0x00000006c4d00000, 0x00000006c4d00000, 0x00000006c4e00000|  0%| F|  |TS  0|AC  0|TAMS 0x00000006c4d00000, 0x00000006c4d00000|
|  52|0x00000006c4e00000, 0x00000006c4e00000, 0x00000006c4f00000|  0%| F|  |TS  0|AC  0|TAMS 0x00000006c4e00000, 0x00000006c4e00000|
|  53|0x00000006c4f00000, 0x00000006c4f00000, 0x00000006c5000000|  0%| F|  |TS  0|AC  0|TAMS 0x00000006c4f00000, 0x00000006c4f00000|
|  54|0x00000006c5000000, 0x00000006c5000000, 0x00000006c5100000|  0%| F|  |TS  0|AC  0|TAMS 0x00000006c5000000, 0x00000006c5000000|
|  55|0x00000006c5100000, 0x00000006c5100000, 0x00000006c5200000|  0%| F|  |TS  0|AC  0|TAMS 0x00000006c5100000, 0x00000006c5100000|
|  56|0x00000006c5200000, 0x00000006c5200000, 0x00000006c5300000|  0%| F|  |TS  0|AC  0|TAMS 0x00000006c5200000, 0x00000006c5200000|
|  57|0x00000006c5300000, 0x00000006c5300000, 0x00000006c5400000|  0%| F|  |TS  0|AC  0|TAMS 0x00000006c5300000, 0x00000006c5300000|
|  58|0x00000006c5400000, 0x00000006c5400000, 0x00000006c5500000|  0%| F|  |TS  0|AC  0|TAMS 0x00000006c5400000, 0x00000006c5400000|
|  59|0x00000006c5500000, 0x00000006c5500000, 0x00000006c5600000|  0%| F|  |TS  0|AC  0|TAMS 0x00000006c5500000, 0x00000006c5500000|
|  60|0x00000006c5600000, 0x00000006c5600000, 0x00000006c5700000|  0%| F|  |TS  0|AC  0|TAMS 0x00000006c5600000, 0x00000006c5600000|
|  61|0x00000006c5700000, 0x00000006c5700000, 0x00000006c5800000|  0%| F|  |TS  0|AC  0|TAMS 0x00000006c5700000, 0x00000006c5700000|
|  62|0x00000006c5800000, 0x00000006c5800000, 0x00000006c5900000|  0%| F|  |TS  0|AC  0|TAMS 0x00000006c5800000, 0x00000006c5800000|
|  63|0x00000006c5900000, 0x00000006c5900000, 0x00000006c5a00000|  0%| F|  |TS  0|AC  0|TAMS 0x00000006c5900000, 0x00000006c5900000|
|  64|0x00000006c5a00000, 0x00000006c5a00000, 0x00000006c5b00000|  0%| F|  |TS  0|AC  0|TAMS 0x00000006c5a00000, 0x00000006c5a00000|
|  65|0x00000006c5b00000, 0x00000006c5b00000, 0x00000006c5c00000|  0%| F|  |TS  0|AC  0|TAMS 0x00000006c5b00000, 0x00000006c5b00000|
|  66|0x00000006c5c00000, 0x00000006c5c00000, 0x00000006c5d00000|  0%| F|  |TS  0|AC  0|TAMS 0x00000006c5c00000, 0x00000006c5c00000|
|  67|0x00000006c5d00000, 0x00000006c5d00000, 0x00000006c5e00000|  0%| F|  |TS  0|AC  0|TAMS 0x00000006c5d00000, 0x00000006c5d00000|
|  68|0x00000006c5e00000, 0x00000006c5e00000, 0x00000006c5f00000|  0%| F|  |TS  0|AC  0|TAMS 0x00000006c5e00000, 0x00000006c5e00000|
|  69|0x00000006c5f00000, 0x00000006c5f00000, 0x00000006c6000000|  0%| F|  |TS  0|AC  0|TAMS 0x00000006c5f00000, 0x00000006c5f00000|
|  70|0x00000006c6000000, 0x00000006c6000000, 0x00000006c6100000|  0%| F|  |TS  0|AC  0|TAMS 0x00000006c6000000, 0x00000006c6000000|
|  71|0x00000006c6100000, 0x00000006c6100000, 0x00000006c6200000|  0%| F|  |TS  0|AC  0|TAMS 0x00000006c6100000, 0x00000006c6100000|
|  72|0x00000006c6200000, 0x00000006c6200000, 0x00000006c6300000|  0%| F|  |TS  0|AC  0|TAMS 0x00000006c6200000, 0x00000006c6200000|
|  73|0x00000006c6300000, 0x00000006c6300000, 0x00000006c6400000|  0%| F|  |TS  0|AC  0|TAMS 0x00000006c6300000, 0x00000006c6300000|
|  74|0x00000006c6400000, 0x00000006c6400000, 0x00000006c6500000|  0%| F|  |TS  0|AC  0|TAMS 0x00000006c6400000, 0x00000006c6400000|
|  75|0x00000006c6500000, 0x00000006c6500000, 0x00000006c6600000|  0%| F|  |TS  0|AC  0|TAMS 0x00000006c6500000, 0x00000006c6500000|
|  76|0x00000006c6600000, 0x00000006c6600000, 0x00000006c6700000|  0%| F|  |TS  0|AC  0|TAMS 0x00000006c6600000, 0x00000006c6600000|
|  77|0x00000006c6700000, 0x00000006c6700000, 0x00000006c6800000|  0%| F|  |TS  0|AC  0|TAMS 0x00000006c6700000, 0x00000006c6700000|
|  78|0x00000006c6800000, 0x00000006c6800000, 0x00000006c6900000|  0%| F|  |TS  0|AC  0|TAMS 0x00000006c6800000, 0x00000006c6800000|
|  79|0x00000006c6900000, 0x00000006c6900000, 0x00000006c6a00000|  0%| F|  |TS  0|AC  0|TAMS 0x00000006c6900000, 0x00000006c6900000|
|  80|0x00000006c6a00000, 0x00000006c6a00000, 0x00000006c6b00000|  0%| F|  |TS  0|AC  0|TAMS 0x00000006c6a00000, 0x00000006c6a00000|
|  81|0x00000006c6b00000, 0x00000006c6b00000, 0x00000006c6c00000|  0%| F|  |TS  0|AC  0|TAMS 0x00000006c6b00000, 0x00000006c6b00000|
|  82|0x00000006c6c00000, 0x00000006c6c00000, 0x00000006c6d00000|  0%| F|  |TS  0|AC  0|TAMS 0x00000006c6c00000, 0x00000006c6c00000|
|  83|0x00000006c6d00000, 0x00000006c6d00000, 0x00000006c6e00000|  0%| F|  |TS  0|AC  0|TAMS 0x00000006c6d00000, 0x00000006c6d00000|
|  84|0x00000006c6e00000, 0x00000006c6e00000, 0x00000006c6f00000|  0%| F|  |TS  0|AC  0|TAMS 0x00000006c6e00000, 0x00000006c6e00000|
|  85|0x00000006c6f00000, 0x00000006c6f00000, 0x00000006c7000000|  0%| F|  |TS  0|AC  0|TAMS 0x00000006c6f00000, 0x00000006c6f00000|
|  86|0x00000006c7000000, 0x00000006c7000000, 0x00000006c7100000|  0%| F|  |TS  0|AC  0|TAMS 0x00000006c7000000, 0x00000006c7000000|
|  87|0x00000006c7100000, 0x00000006c7100000, 0x00000006c7200000|  0%| F|  |TS  0|AC  0|TAMS 0x00000006c7100000, 0x00000006c7100000|
|  88|0x00000006c7200000, 0x00000006c7200000, 0x00000006c7300000|  0%| F|  |TS  0|AC  0|TAMS 0x00000006c7200000, 0x00000006c7200000|
|  89|0x00000006c7300000, 0x00000006c7300000, 0x00000006c7400000|  0%| F|  |TS  0|AC  0|TAMS 0x00000006c7300000, 0x00000006c7300000|
|  90|0x00000006c7400000, 0x00000006c7400000, 0x00000006c7500000|  0%| F|  |TS  0|AC  0|TAMS 0x00000006c7400000, 0x00000006c7400000|
|  91|0x00000006c7500000, 0x00000006c7500000, 0x00000006c7600000|  0%| F|  |TS  0|AC  0|TAMS 0x00000006c7500000, 0x00000006c7500000|
|  92|0x00000006c7600000, 0x00000006c7600000, 0x00000006c7700000|  0%| F|  |TS  0|AC  0|TAMS 0x00000006c7600000, 0x00000006c7600000|
|  93|0x00000006c7700000, 0x00000006c7700000, 0x00000006c7800000|  0%| F|  |TS  0|AC  0|TAMS 0x00000006c7700000, 0x00000006c7700000|
|  94|0x00000006c7800000, 0x00000006c7800000, 0x00000006c7900000|  0%| F|  |TS  0|AC  0|TAMS 0x00000006c7800000, 0x00000006c7800000|
|  95|0x00000006c7900000, 0x00000006c7900000, 0x00000006c7a00000|  0%| F|  |TS  0|AC  0|TAMS 0x00000006c7900000, 0x00000006c7900000|
|  96|0x00000006c7a00000, 0x00000006c7a00000, 0x00000006c7b00000|  0%| F|  |TS  0|AC  0|TAMS 0x00000006c7a00000, 0x00000006c7a00000|
|  97|0x00000006c7b00000, 0x00000006c7b00000, 0x00000006c7c00000|  0%| F|  |TS  0|AC  0|TAMS 0x00000006c7b00000, 0x00000006c7b00000|
|  98|0x00000006c7c00000, 0x00000006c7c00000, 0x00000006c7d00000|  0%| F|  |TS  0|AC  0|TAMS 0x00000006c7c00000, 0x00000006c7c00000|
|  99|0x00000006c7d00000, 0x00000006c7d00000, 0x00000006c7e00000|  0%| F|  |TS  0|AC  0|TAMS 0x00000006c7d00000, 0x00000006c7d00000|
| 100|0x00000006c7e00000, 0x00000006c7e00000, 0x00000006c7f00000|  0%| F|  |TS  0|AC  0|TAMS 0x00000006c7e00000, 0x00000006c7e00000|
| 101|0x00000006c7f00000, 0x00000006c7f00000, 0x00000006c8000000|  0%| F|  |TS  0|AC  0|TAMS 0x00000006c7f00000, 0x00000006c7f00000|
| 102|0x00000006c8000000, 0x00000006c8000000, 0x00000006c8100000|  0%| F|  |TS  0|AC  0|TAMS 0x00000006c8000000, 0x00000006c8000000|
| 103|0x00000006c8100000, 0x00000006c8100000, 0x00000006c8200000|  0%| F|  |TS  0|AC  0|TAMS 0x00000006c8100000, 0x00000006c8100000|
| 104|0x00000006c8200000, 0x00000006c8200000, 0x00000006c8300000|  0%| F|  |TS  0|AC  0|TAMS 0x00000006c8200000, 0x00000006c8200000|
| 105|0x00000006c8300000, 0x00000006c8300000, 0x00000006c8400000|  0%| F|  |TS  0|AC  0|TAMS 0x00000006c8300000, 0x00000006c8300000|
| 106|0x00000006c8400000, 0x00000006c8400000, 0x00000006c8500000|  0%| F|  |TS  0|AC  0|TAMS 0x00000006c8400000, 0x00000006c8400000|
| 107|0x00000006c8500000, 0x00000006c8500000, 0x00000006c8600000|  0%| F|  |TS  0|AC  0|TAMS 0x00000006c8500000, 0x00000006c8500000|
| 108|0x00000006c8600000, 0x00000006c8600000, 0x00000006c8700000|  0%| F|  |TS  0|AC  0|TAMS 0x00000006c8600000, 0x00000006c8600000|
| 109|0x00000006c8700000, 0x00000006c8700000, 0x00000006c8800000|  0%| F|  |TS  0|AC  0|TAMS 0x00000006c8700000, 0x00000006c8700000|
| 110|0x00000006c8800000, 0x00000006c8800000, 0x00000006c8900000|  0%| F|  |TS  0|AC  0|TAMS 0x00000006c8800000, 0x00000006c8800000|
| 111|0x00000006c8900000, 0x00000006c8900000, 0x00000006c8a00000|  0%| F|  |TS  0|AC  0|TAMS 0x00000006c8900000, 0x00000006c8900000|
| 112|0x00000006c8a00000, 0x00000006c8a00000, 0x00000006c8b00000|  0%| F|  |TS  0|AC  0|TAMS 0x00000006c8a00000, 0x00000006c8a00000|
| 113|0x00000006c8b00000, 0x00000006c8b00000, 0x00000006c8c00000|  0%| F|  |TS  0|AC  0|TAMS 0x00000006c8b00000, 0x00000006c8b00000|
| 114|0x00000006c8c00000, 0x00000006c8c00000, 0x00000006c8d00000|  0%| F|  |TS  0|AC  0|TAMS 0x00000006c8c00000, 0x00000006c8c00000|
| 115|0x00000006c8d00000, 0x00000006c8d00000, 0x00000006c8e00000|  0%| F|  |TS  0|AC  0|TAMS 0x00000006c8d00000, 0x00000006c8d00000|
| 116|0x00000006c8e00000, 0x00000006c8e00000, 0x00000006c8f00000|  0%| F|  |TS  0|AC  0|TAMS 0x00000006c8e00000, 0x00000006c8e00000|
| 117|0x00000006c8f00000, 0x00000006c8f00000, 0x00000006c9000000|  0%| F|  |TS  0|AC  0|TAMS 0x00000006c8f00000, 0x00000006c8f00000|
| 118|0x00000006c9000000, 0x00000006c9000000, 0x00000006c9100000|  0%| F|  |TS  0|AC  0|TAMS 0x00000006c9000000, 0x00000006c9000000|
| 119|0x00000006c9100000, 0x00000006c9100000, 0x00000006c9200000|  0%| F|  |TS  0|AC  0|TAMS 0x00000006c9100000, 0x00000006c9100000|
| 120|0x00000006c9200000, 0x00000006c9200000, 0x00000006c9300000|  0%| F|  |TS  0|AC  0|TAMS 0x00000006c9200000, 0x00000006c9200000|
| 121|0x00000006c9300000, 0x00000006c9300000, 0x00000006c9400000|  0%| F|  |TS  0|AC  0|TAMS 0x00000006c9300000, 0x00000006c9300000|
| 122|0x00000006c9400000, 0x00000006c9400000, 0x00000006c9500000|  0%| F|  |TS  0|AC  0|TAMS 0x00000006c9400000, 0x00000006c9400000|
| 123|0x00000006c9500000, 0x00000006c9500000, 0x00000006c9600000|  0%| F|  |TS  0|AC  0|TAMS 0x00000006c9500000, 0x00000006c9500000|
| 124|0x00000006c9600000, 0x00000006c9600000, 0x00000006c9700000|  0%| F|  |TS  0|AC  0|TAMS 0x00000006c9600000, 0x00000006c9600000|
| 125|0x00000006c9700000, 0x00000006c9700000, 0x00000006c9800000|  0%| F|  |TS  0|AC  0|TAMS 0x00000006c9700000, 0x00000006c9700000|
| 126|0x00000006c9800000, 0x00000006c9800000, 0x00000006c9900000|  0%| F|  |TS  0|AC  0|TAMS 0x00000006c9800000, 0x00000006c9800000|
| 127|0x00000006c9900000, 0x00000006c9900000, 0x00000006c9a00000|  0%| F|  |TS  0|AC  0|TAMS 0x00000006c9900000, 0x00000006c9900000|
| 128|0x00000006c9a00000, 0x00000006c9a00000, 0x00000006c9b00000|  0%| F|  |TS  0|AC  0|TAMS 0x00000006c9a00000, 0x00000006c9a00000|
| 129|0x00000006c9b00000, 0x00000006c9b00000, 0x00000006c9c00000|  0%| F|  |TS  0|AC  0|TAMS 0x00000006c9b00000, 0x00000006c9b00000|
| 130|0x00000006c9c00000, 0x00000006c9c00000, 0x00000006c9d00000|  0%| F|  |TS  0|AC  0|TAMS 0x00000006c9c00000, 0x00000006c9c00000|
| 131|0x00000006c9d00000, 0x00000006c9d00000, 0x00000006c9e00000|  0%| F|  |TS  0|AC  0|TAMS 0x00000006c9d00000, 0x00000006c9d00000|
| 132|0x00000006c9e00000, 0x00000006c9e00000, 0x00000006c9f00000|  0%| F|  |TS  0|AC  0|TAMS 0x00000006c9e00000, 0x00000006c9e00000|
| 133|0x00000006c9f00000, 0x00000006c9f00000, 0x00000006ca000000|  0%| F|  |TS  0|AC  0|TAMS 0x00000006c9f00000, 0x00000006c9f00000|
| 134|0x00000006ca000000, 0x00000006ca000000, 0x00000006ca100000|  0%| F|  |TS  0|AC  0|TAMS 0x00000006ca000000, 0x00000006ca000000|
| 135|0x00000006ca100000, 0x00000006ca100000, 0x00000006ca200000|  0%| F|  |TS  0|AC  0|TAMS 0x00000006ca100000, 0x00000006ca100000|
| 136|0x00000006ca200000, 0x00000006ca200000, 0x00000006ca300000|  0%| F|  |TS  0|AC  0|TAMS 0x00000006ca200000, 0x00000006ca200000|
| 137|0x00000006ca300000, 0x00000006ca300000, 0x00000006ca400000|  0%| F|  |TS  0|AC  0|TAMS 0x00000006ca300000, 0x00000006ca300000|
| 138|0x00000006ca400000, 0x00000006ca400000, 0x00000006ca500000|  0%| F|  |TS  0|AC  0|TAMS 0x00000006ca400000, 0x00000006ca400000|
| 139|0x00000006ca500000, 0x00000006ca500000, 0x00000006ca600000|  0%| F|  |TS  0|AC  0|TAMS 0x00000006ca500000, 0x00000006ca500000|
| 140|0x00000006ca600000, 0x00000006ca600000, 0x00000006ca700000|  0%| F|  |TS  0|AC  0|TAMS 0x00000006ca600000, 0x00000006ca600000|
| 141|0x00000006ca700000, 0x00000006ca700000, 0x00000006ca800000|  0%| F|  |TS  0|AC  0|TAMS 0x00000006ca700000, 0x00000006ca700000|
| 142|0x00000006ca800000, 0x00000006ca800000, 0x00000006ca900000|  0%| F|  |TS  0|AC  0|TAMS 0x00000006ca800000, 0x00000006ca800000|
| 143|0x00000006ca900000, 0x00000006ca900000, 0x00000006caa00000|  0%| F|  |TS  0|AC  0|TAMS 0x00000006ca900000, 0x00000006ca900000|
| 144|0x00000006caa00000, 0x00000006caa00000, 0x00000006cab00000|  0%| F|  |TS  0|AC  0|TAMS 0x00000006caa00000, 0x00000006caa00000|
| 145|0x00000006cab00000, 0x00000006cab00000, 0x00000006cac00000|  0%| F|  |TS  0|AC  0|TAMS 0x00000006cab00000, 0x00000006cab00000|
| 146|0x00000006cac00000, 0x00000006cac00000, 0x00000006cad00000|  0%| F|  |TS  0|AC  0|TAMS 0x00000006cac00000, 0x00000006cac00000|
| 147|0x00000006cad00000, 0x00000006cad00000, 0x00000006cae00000|  0%| F|  |TS  0|AC  0|TAMS 0x00000006cad00000, 0x00000006cad00000|
| 148|0x00000006cae00000, 0x00000006cae00000, 0x00000006caf00000|  0%| F|  |TS  0|AC  0|TAMS 0x00000006cae00000, 0x00000006cae00000|
| 149|0x00000006caf00000, 0x00000006caf00000, 0x00000006cb000000|  0%| F|  |TS  0|AC  0|TAMS 0x00000006caf00000, 0x00000006caf00000|
| 150|0x00000006cb000000, 0x00000006cb000000, 0x00000006cb100000|  0%| F|  |TS  0|AC  0|TAMS 0x00000006cb000000, 0x00000006cb000000|
| 151|0x00000006cb100000, 0x00000006cb100000, 0x00000006cb200000|  0%| F|  |TS  0|AC  0|TAMS 0x00000006cb100000, 0x00000006cb100000|
| 152|0x00000006cb200000, 0x00000006cb200000, 0x00000006cb300000|  0%| F|  |TS  0|AC  0|TAMS 0x00000006cb200000, 0x00000006cb200000|
| 153|0x00000006cb300000, 0x00000006cb300000, 0x00000006cb400000|  0%| F|  |TS  0|AC  0|TAMS 0x00000006cb300000, 0x00000006cb300000|
| 154|0x00000006cb400000, 0x00000006cb400000, 0x00000006cb500000|  0%| F|  |TS  0|AC  0|TAMS 0x00000006cb400000, 0x00000006cb400000|
| 155|0x00000006cb500000, 0x00000006cb500000, 0x00000006cb600000|  0%| F|  |TS  0|AC  0|TAMS 0x00000006cb500000, 0x00000006cb500000|
| 156|0x00000006cb600000, 0x00000006cb600000, 0x00000006cb700000|  0%| F|  |TS  0|AC  0|TAMS 0x00000006cb600000, 0x00000006cb600000|
| 157|0x00000006cb700000, 0x00000006cb700000, 0x00000006cb800000|  0%| F|  |TS  0|AC  0|TAMS 0x00000006cb700000, 0x00000006cb700000|
| 158|0x00000006cb800000, 0x00000006cb800000, 0x00000006cb900000|  0%| F|  |TS  0|AC  0|TAMS 0x00000006cb800000, 0x00000006cb800000|
| 159|0x00000006cb900000, 0x00000006cb900000, 0x00000006cba00000|  0%| F|  |TS  0|AC  0|TAMS 0x00000006cb900000, 0x00000006cb900000|
| 160|0x00000006cba00000, 0x00000006cba00000, 0x00000006cbb00000|  0%| F|  |TS  0|AC  0|TAMS 0x00000006cba00000, 0x00000006cba00000|
| 161|0x00000006cbb00000, 0x00000006cbb00000, 0x00000006cbc00000|  0%| F|  |TS  0|AC  0|TAMS 0x00000006cbb00000, 0x00000006cbb00000|
| 162|0x00000006cbc00000, 0x00000006cbc00000, 0x00000006cbd00000|  0%| F|  |TS  0|AC  0|TAMS 0x00000006cbc00000, 0x00000006cbc00000|
| 163|0x00000006cbd00000, 0x00000006cbd00000, 0x00000006cbe00000|  0%| F|  |TS  0|AC  0|TAMS 0x00000006cbd00000, 0x00000006cbd00000|
| 164|0x00000006cbe00000, 0x00000006cbe00000, 0x00000006cbf00000|  0%| F|  |TS  0|AC  0|TAMS 0x00000006cbe00000, 0x00000006cbe00000|
| 165|0x00000006cbf00000, 0x00000006cbf00000, 0x00000006cc000000|  0%| F|  |TS  0|AC  0|TAMS 0x00000006cbf00000, 0x00000006cbf00000|
| 166|0x00000006cc000000, 0x00000006cc000000, 0x00000006cc100000|  0%| F|  |TS  0|AC  0|TAMS 0x00000006cc000000, 0x00000006cc000000|
| 167|0x00000006cc100000, 0x00000006cc100000, 0x00000006cc200000|  0%| F|  |TS  0|AC  0|TAMS 0x00000006cc100000, 0x00000006cc100000|
| 168|0x00000006cc200000, 0x00000006cc200000, 0x00000006cc300000|  0%| F|  |TS  0|AC  0|TAMS 0x00000006cc200000, 0x00000006cc200000|
| 169|0x00000006cc300000, 0x00000006cc300000, 0x00000006cc400000|  0%| F|  |TS  0|AC  0|TAMS 0x00000006cc300000, 0x00000006cc300000|
| 170|0x00000006cc400000, 0x00000006cc400000, 0x00000006cc500000|  0%| F|  |TS  0|AC  0|TAMS 0x00000006cc400000, 0x00000006cc400000|
| 171|0x00000006cc500000, 0x00000006cc500000, 0x00000006cc600000|  0%| F|  |TS  0|AC  0|TAMS 0x00000006cc500000, 0x00000006cc500000|
| 172|0x00000006cc600000, 0x00000006cc600000, 0x00000006cc700000|  0%| F|  |TS  0|AC  0|TAMS 0x00000006cc600000, 0x00000006cc600000|
| 173|0x00000006cc700000, 0x00000006cc700000, 0x00000006cc800000|  0%| F|  |TS  0|AC  0|TAMS 0x00000006cc700000, 0x00000006cc700000|
| 174|0x00000006cc800000, 0x00000006cc800000, 0x00000006cc900000|  0%| F|  |TS  0|AC  0|TAMS 0x00000006cc800000, 0x00000006cc800000|
| 175|0x00000006cc900000, 0x00000006cc900000, 0x00000006cca00000|  0%| F|  |TS  0|AC  0|TAMS 0x00000006cc900000, 0x00000006cc900000|
| 176|0x00000006cca00000, 0x00000006cca00000, 0x00000006ccb00000|  0%| F|  |TS  0|AC  0|TAMS 0x00000006cca00000, 0x00000006cca00000|
| 177|0x00000006ccb00000, 0x00000006ccb00000, 0x00000006ccc00000|  0%| F|  |TS  0|AC  0|TAMS 0x00000006ccb00000, 0x00000006ccb00000|
| 178|0x00000006ccc00000, 0x00000006ccc00000, 0x00000006ccd00000|  0%| F|  |TS  0|AC  0|TAMS 0x00000006ccc00000, 0x00000006ccc00000|
| 179|0x00000006ccd00000, 0x00000006ccd00000, 0x00000006cce00000|  0%| F|  |TS  0|AC  0|TAMS 0x00000006ccd00000, 0x00000006ccd00000|
| 180|0x00000006cce00000, 0x00000006cce00000, 0x00000006ccf00000|  0%| F|  |TS  0|AC  0|TAMS 0x00000006cce00000, 0x00000006cce00000|
| 181|0x00000006ccf00000, 0x00000006ccf00000, 0x00000006cd000000|  0%| F|  |TS  0|AC  0|TAMS 0x00000006ccf00000, 0x00000006ccf00000|
| 182|0x00000006cd000000, 0x00000006cd000000, 0x00000006cd100000|  0%| F|  |TS  0|AC  0|TAMS 0x00000006cd000000, 0x00000006cd000000|
| 183|0x00000006cd100000, 0x00000006cd100000, 0x00000006cd200000|  0%| F|  |TS  0|AC  0|TAMS 0x00000006cd100000, 0x00000006cd100000|
| 184|0x00000006cd200000, 0x00000006cd200000, 0x00000006cd300000|  0%| F|  |TS  0|AC  0|TAMS 0x00000006cd200000, 0x00000006cd200000|
| 185|0x00000006cd300000, 0x00000006cd300000, 0x00000006cd400000|  0%| F|  |TS  0|AC  0|TAMS 0x00000006cd300000, 0x00000006cd300000|
| 186|0x00000006cd400000, 0x00000006cd400000, 0x00000006cd500000|  0%| F|  |TS  0|AC  0|TAMS 0x00000006cd400000, 0x00000006cd400000|
| 187|0x00000006cd500000, 0x00000006cd500000, 0x00000006cd600000|  0%| F|  |TS  0|AC  0|TAMS 0x00000006cd500000, 0x00000006cd500000|
| 188|0x00000006cd600000, 0x00000006cd600000, 0x00000006cd700000|  0%| F|  |TS  0|AC  0|TAMS 0x00000006cd600000, 0x00000006cd600000|
| 189|0x00000006cd700000, 0x00000006cd700000, 0x00000006cd800000|  0%| F|  |TS  0|AC  0|TAMS 0x00000006cd700000, 0x00000006cd700000|
| 190|0x00000006cd800000, 0x00000006cd800000, 0x00000006cd900000|  0%| F|  |TS  0|AC  0|TAMS 0x00000006cd800000, 0x00000006cd800000|
| 191|0x00000006cd900000, 0x00000006cd900000, 0x00000006cda00000|  0%| F|  |TS  0|AC  0|TAMS 0x00000006cd900000, 0x00000006cd900000|
| 192|0x00000006cda00000, 0x00000006cda00000, 0x00000006cdb00000|  0%| F|  |TS  0|AC  0|TAMS 0x00000006cda00000, 0x00000006cda00000|
| 193|0x00000006cdb00000, 0x00000006cdb00000, 0x00000006cdc00000|  0%| F|  |TS  0|AC  0|TAMS 0x00000006cdb00000, 0x00000006cdb00000|
| 194|0x00000006cdc00000, 0x00000006cdc00000, 0x00000006cdd00000|  0%| F|  |TS  0|AC  0|TAMS 0x00000006cdc00000, 0x00000006cdc00000|
| 195|0x00000006cdd00000, 0x00000006cdd00000, 0x00000006cde00000|  0%| F|  |TS  0|AC  0|TAMS 0x00000006cdd00000, 0x00000006cdd00000|
| 196|0x00000006cde00000, 0x00000006cde00000, 0x00000006cdf00000|  0%| F|  |TS  0|AC  0|TAMS 0x00000006cde00000, 0x00000006cde00000|
| 197|0x00000006cdf00000, 0x00000006cdf00000, 0x00000006ce000000|  0%| F|  |TS  0|AC  0|TAMS 0x00000006cdf00000, 0x00000006cdf00000|
| 198|0x00000006ce000000, 0x00000006ce000000, 0x00000006ce100000|  0%| F|  |TS  0|AC  0|TAMS 0x00000006ce000000, 0x00000006ce000000|
| 199|0x00000006ce100000, 0x00000006ce100000, 0x00000006ce200000|  0%| F|  |TS  0|AC  0|TAMS 0x00000006ce100000, 0x00000006ce100000|
| 200|0x00000006ce200000, 0x00000006ce200000, 0x00000006ce300000|  0%| F|  |TS  0|AC  0|TAMS 0x00000006ce200000, 0x00000006ce200000|
| 201|0x00000006ce300000, 0x00000006ce400000, 0x00000006ce400000|100%| E|  |TS  0|AC  0|TAMS 0x00000006ce300000, 0x00000006ce300000|
| 202|0x00000006ce400000, 0x00000006ce500000, 0x00000006ce500000|100%| E|CS|TS  0|AC  0|TAMS 0x00000006ce400000, 0x00000006ce400000|
| 203|0x00000006ce500000, 0x00000006ce600000, 0x00000006ce600000|100%| E|CS|TS  0|AC  0|TAMS 0x00000006ce500000, 0x00000006ce500000|
| 204|0x00000006ce600000, 0x00000006ce700000, 0x00000006ce700000|100%| E|CS|TS  0|AC  0|TAMS 0x00000006ce600000, 0x00000006ce600000|
| 205|0x00000006ce700000, 0x00000006ce800000, 0x00000006ce800000|100%| E|CS|TS  0|AC  0|TAMS 0x00000006ce700000, 0x00000006ce700000|
| 206|0x00000006ce800000, 0x00000006ce900000, 0x00000006ce900000|100%| E|CS|TS  0|AC  0|TAMS 0x00000006ce800000, 0x00000006ce800000|
| 207|0x00000006ce900000, 0x00000006cea00000, 0x00000006cea00000|100%| E|CS|TS  0|AC  0|TAMS 0x00000006ce900000, 0x00000006ce900000|
| 208|0x00000006cea00000, 0x00000006ceb00000, 0x00000006ceb00000|100%| E|CS|TS  0|AC  0|TAMS 0x00000006cea00000, 0x00000006cea00000|
| 209|0x00000006ceb00000, 0x00000006cec00000, 0x00000006cec00000|100%| E|CS|TS  0|AC  0|TAMS 0x00000006ceb00000, 0x00000006ceb00000|
| 210|0x00000006cec00000, 0x00000006ced00000, 0x00000006ced00000|100%| E|CS|TS  0|AC  0|TAMS 0x00000006cec00000, 0x00000006cec00000|
| 211|0x00000006ced00000, 0x00000006cee00000, 0x00000006cee00000|100%| E|CS|TS  0|AC  0|TAMS 0x00000006ced00000, 0x00000006ced00000|
| 212|0x00000006cee00000, 0x00000006cef00000, 0x00000006cef00000|100%| E|CS|TS  0|AC  0|TAMS 0x00000006cee00000, 0x00000006cee00000|
| 213|0x00000006cef00000, 0x00000006cf000000, 0x00000006cf000000|100%| E|CS|TS  0|AC  0|TAMS 0x00000006cef00000, 0x00000006cef00000|
| 214|0x00000006cf000000, 0x00000006cf100000, 0x00000006cf100000|100%| E|CS|TS  0|AC  0|TAMS 0x00000006cf000000, 0x00000006cf000000|
| 215|0x00000006cf100000, 0x00000006cf200000, 0x00000006cf200000|100%| E|CS|TS  0|AC  0|TAMS 0x00000006cf100000, 0x00000006cf100000|
| 216|0x00000006cf200000, 0x00000006cf300000, 0x00000006cf300000|100%| E|CS|TS  0|AC  0|TAMS 0x00000006cf200000, 0x00000006cf200000|
| 217|0x00000006cf300000, 0x00000006cf400000, 0x00000006cf400000|100%| E|CS|TS  0|AC  0|TAMS 0x00000006cf300000, 0x00000006cf300000|
| 218|0x00000006cf400000, 0x00000006cf500000, 0x00000006cf500000|100%| E|CS|TS  0|AC  0|TAMS 0x00000006cf400000, 0x00000006cf400000|
| 219|0x00000006cf500000, 0x00000006cf600000, 0x00000006cf600000|100%| E|CS|TS  0|AC  0|TAMS 0x00000006cf500000, 0x00000006cf500000|
| 220|0x00000006cf600000, 0x00000006cf700000, 0x00000006cf700000|100%| E|CS|TS  0|AC  0|TAMS 0x00000006cf600000, 0x00000006cf600000|
| 221|0x00000006cf700000, 0x00000006cf800000, 0x00000006cf800000|100%| E|CS|TS  0|AC  0|TAMS 0x00000006cf700000, 0x00000006cf700000|
| 222|0x00000006cf800000, 0x00000006cf900000, 0x00000006cf900000|100%| E|CS|TS  0|AC  0|TAMS 0x00000006cf800000, 0x00000006cf800000|
| 223|0x00000006cf900000, 0x00000006cfa00000, 0x00000006cfa00000|100%| E|CS|TS  0|AC  0|TAMS 0x00000006cf900000, 0x00000006cf900000|
| 224|0x00000006cfa00000, 0x00000006cfb00000, 0x00000006cfb00000|100%| E|CS|TS  0|AC  0|TAMS 0x00000006cfa00000, 0x00000006cfa00000|
| 225|0x00000006cfb00000, 0x00000006cfc00000, 0x00000006cfc00000|100%| E|CS|TS  0|AC  0|TAMS 0x00000006cfb00000, 0x00000006cfb00000|
| 226|0x00000006cfc00000, 0x00000006cfd00000, 0x00000006cfd00000|100%| E|CS|TS  0|AC  0|TAMS 0x00000006cfc00000, 0x00000006cfc00000|
| 227|0x00000006cfd00000, 0x00000006cfe00000, 0x00000006cfe00000|100%| E|CS|TS  0|AC  0|TAMS 0x00000006cfd00000, 0x00000006cfd00000|
| 228|0x00000006cfe00000, 0x00000006cff00000, 0x00000006cff00000|100%| E|CS|TS  0|AC  0|TAMS 0x00000006cfe00000, 0x00000006cfe00000|
| 229|0x00000006cff00000, 0x00000006d0000000, 0x00000006d0000000|100%| E|CS|TS  0|AC  0|TAMS 0x00000006cff00000, 0x00000006cff00000|
| 230|0x00000006d0000000, 0x00000006d0100000, 0x00000006d0100000|100%| E|CS|TS  0|AC  0|TAMS 0x00000006d0000000, 0x00000006d0000000|
| 231|0x00000006d0100000, 0x00000006d0200000, 0x00000006d0200000|100%| E|CS|TS  0|AC  0|TAMS 0x00000006d0100000, 0x00000006d0100000|
| 232|0x00000006d0200000, 0x00000006d0300000, 0x00000006d0300000|100%| E|CS|TS  0|AC  0|TAMS 0x00000006d0200000, 0x00000006d0200000|
| 233|0x00000006d0300000, 0x00000006d0400000, 0x00000006d0400000|100%| E|CS|TS  0|AC  0|TAMS 0x00000006d0300000, 0x00000006d0300000|
| 234|0x00000006d0400000, 0x00000006d0500000, 0x00000006d0500000|100%| E|CS|TS  0|AC  0|TAMS 0x00000006d0400000, 0x00000006d0400000|
| 235|0x00000006d0500000, 0x00000006d0600000, 0x00000006d0600000|100%| E|CS|TS  0|AC  0|TAMS 0x00000006d0500000, 0x00000006d0500000|
| 236|0x00000006d0600000, 0x00000006d0700000, 0x00000006d0700000|100%| E|CS|TS  0|AC  0|TAMS 0x00000006d0600000, 0x00000006d0600000|
| 237|0x00000006d0700000, 0x00000006d0800000, 0x00000006d0800000|100%| E|CS|TS  0|AC  0|TAMS 0x00000006d0700000, 0x00000006d0700000|
| 238|0x00000006d0800000, 0x00000006d0900000, 0x00000006d0900000|100%| E|CS|TS  0|AC  0|TAMS 0x00000006d0800000, 0x00000006d0800000|
| 239|0x00000006d0900000, 0x00000006d0a00000, 0x00000006d0a00000|100%| E|CS|TS  0|AC  0|TAMS 0x00000006d0900000, 0x00000006d0900000|
| 240|0x00000006d0a00000, 0x00000006d0b00000, 0x00000006d0b00000|100%| S|CS|TS  1|AC  0|TAMS 0x00000006d0a00000, 0x00000006d0a00000|
| 241|0x00000006d0b00000, 0x00000006d0c00000, 0x00000006d0c00000|100%| S|CS|TS  1|AC  0|TAMS 0x00000006d0b00000, 0x00000006d0b00000|
| 242|0x00000006d0c00000, 0x00000006d0d00000, 0x00000006d0d00000|100%| E|CS|TS  1|AC  0|TAMS 0x00000006d0c00000, 0x00000006d0c00000|
| 243|0x00000006d0d00000, 0x00000006d0e00000, 0x00000006d0e00000|100%| E|CS|TS  1|AC  0|TAMS 0x00000006d0d00000, 0x00000006d0d00000|
| 244|0x00000006d0e00000, 0x00000006d0f00000, 0x00000006d0f00000|100%| E|CS|TS  1|AC  0|TAMS 0x00000006d0e00000, 0x00000006d0e00000|
| 245|0x00000006d0f00000, 0x00000006d1000000, 0x00000006d1000000|100%| E|CS|TS  1|AC  0|TAMS 0x00000006d0f00000, 0x00000006d0f00000|
| 246|0x00000006d1000000, 0x00000006d1100000, 0x00000006d1100000|100%| E|CS|TS  1|AC  0|TAMS 0x00000006d1000000, 0x00000006d1000000|
| 247|0x00000006d1100000, 0x00000006d1200000, 0x00000006d1200000|100%| E|CS|TS  1|AC  0|TAMS 0x00000006d1100000, 0x00000006d1100000|
| 248|0x00000006d1200000, 0x00000006d1300000, 0x00000006d1300000|100%| E|CS|TS  1|AC  0|TAMS 0x00000006d1200000, 0x00000006d1200000|
| 249|0x00000006d1300000, 0x00000006d1400000, 0x00000006d1400000|100%| E|CS|TS  1|AC  0|TAMS 0x00000006d1300000, 0x00000006d1300000|
| 250|0x00000006d1400000, 0x00000006d1500000, 0x00000006d1500000|100%| E|CS|TS  1|AC  0|TAMS 0x00000006d1400000, 0x00000006d1400000|
| 251|0x00000006d1500000, 0x00000006d1600000, 0x00000006d1600000|100%| E|CS|TS  1|AC  0|TAMS 0x00000006d1500000, 0x00000006d1500000|
| 252|0x00000006d1600000, 0x00000006d1700000, 0x00000006d1700000|100%| E|CS|TS  1|AC  0|TAMS 0x00000006d1600000, 0x00000006d1600000|
| 253|0x00000006d1700000, 0x00000006d1800000, 0x00000006d1800000|100%| E|CS|TS  1|AC  0|TAMS 0x00000006d1700000, 0x00000006d1700000|
| 254|0x00000006d1800000, 0x00000006d1900000, 0x00000006d1900000|100%| E|CS|TS  1|AC  0|TAMS 0x00000006d1800000, 0x00000006d1800000|
| 255|0x00000006d1900000, 0x00000006d1a00000, 0x00000006d1a00000|100%| E|CS|TS  1|AC  0|TAMS 0x00000006d1900000, 0x00000006d1900000|

Card table byte_map: [0x000002ecc7b00000,0x000002ecc8300000] byte_map_base: 0x000002ecc44f3000

Marking Bits (Prev, Next): (CMBitMap*) 0x000002ecab5e5f20, (CMBitMap*) 0x000002ecab5e5f58
 Prev Bits: [0x000002ecc8b00000, 0x000002eccca98000)
 Next Bits: [0x000002ecccaa0000, 0x000002ecd0a38000)

Polling page: 0x000002ecab4c0000

CodeHeap 'non-profiled nmethods': size=120064Kb used=342Kb max_used=342Kb free=119721Kb
 bounds [0x000002ecbefa0000, 0x000002ecbf210000, 0x000002ecc64e0000]
CodeHeap 'profiled nmethods': size=120000Kb used=2325Kb max_used=2325Kb free=117674Kb
 bounds [0x000002ecb7a70000, 0x000002ecb7ce0000, 0x000002ecbefa0000]
CodeHeap 'non-nmethods': size=5696Kb used=1224Kb max_used=1238Kb free=4471Kb
 bounds [0x000002ecb74e0000, 0x000002ecb7750000, 0x000002ecb7a70000]
 total_blobs=1715 nmethods=1123 adapters=286
 compilation: enabled

Compilation events (10 events):
Event: 24.540 Thread 0x000002ecd3bd4800 1118       1       java.io.ObjectInputStream$BlockDataInputStream::getBlockDataMode (5 bytes)
Event: 24.540 Thread 0x000002ecd3bd4800 nmethod 1118 0x000002ecbeff4910 code [0x000002ecbeff4ac0, 0x000002ecbeff4bd8]
Event: 24.569 Thread 0x000002ecd3bd4800 1119       3       java.io.ObjectInputStream$BlockDataInputStream::peekByte (20 bytes)
Event: 24.569 Thread 0x000002ecd3bd4800 nmethod 1119 0x000002ecb7cb4b90 code [0x000002ecb7cb4d60, 0x000002ecb7cb4fc0]
Event: 24.569 Thread 0x000002ecd3bd4800 1120       3       java.io.ObjectInputStream$BlockDataInputStream::peek (55 bytes)
Event: 24.569 Thread 0x000002ecd3bd4800 nmethod 1120 0x000002ecb7cb5090 code [0x000002ecb7cb5260, 0x000002ecb7cb5560]
Event: 24.580 Thread 0x000002ecd3bd4800 1121       1       java.util.concurrent.atomic.AtomicLong::get (5 bytes)
Event: 24.580 Thread 0x000002ecd3bd4800 nmethod 1121 0x000002ecbeff4c90 code [0x000002ecbeff4e40, 0x000002ecbeff4f58]
Event: 24.603 Thread 0x000002ecd3bd4800 1122       3       java.io.ObjectStreamClass::forClass (52 bytes)
Event: 24.794 Thread 0x000002ecd3bd3000 1129       4       java.io.WinNTFileSystem::normalize (224 bytes)

GC Heap History (2 events):
Event: 0.763 GC heap before
{Heap before GC invocations=0 (full 0):
 garbage-first heap   total 262144K, used 14336K [0x00000006c1a00000, 0x00000006c1b00800, 0x00000007c0000000)
  region size 1024K, 14 young (14336K), 0 survivors (0K)
 Metaspace       used 9584K, capacity 9780K, committed 9984K, reserved 1058816K
  class space    used 863K, capacity 930K, committed 1024K, reserved 1048576K
}
Event: 0.767 GC heap after
{Heap after GC invocations=1 (full 0):
 garbage-first heap   total 262144K, used 2816K [0x00000006c1a00000, 0x00000006c1b00800, 0x00000007c0000000)
  region size 1024K, 2 young (2048K), 2 survivors (2048K)
 Metaspace       used 9584K, capacity 9780K, committed 9984K, reserved 1058816K
  class space    used 863K, capacity 930K, committed 1024K, reserved 1048576K
}

Deoptimization events (6 events):
Event: 0.163 Thread 0x000002ecab56f000 Uncommon trap: reason=unstable_if action=reinterpret pc=0x000002ecbefa5d94 method=java.lang.StringLatin1.indexOf([BII)I @ 23 c2
Event: 0.172 Thread 0x000002ecab56f000 Uncommon trap: reason=range_check action=reinterpret pc=0x000002ecbefa38e8 method=java.lang.StringLatin1.indexOf([BII)I @ 13 c2
Event: 0.243 Thread 0x000002ecd3dd2000 Uncommon trap: reason=unstable_if action=reinterpret pc=0x000002ecbefa329c method=java.lang.String.charAt(I)C @ 4 c2
Event: 0.357 Thread 0x000002ecab56f000 Uncommon trap: reason=unstable_if action=reinterpret pc=0x000002ecbefbe57c method=java.io.WinNTFileSystem.isSlash(C)Z @ 9 c2
Event: 0.792 Thread 0x000002ecab56f000 Uncommon trap: reason=unstable_if action=reinterpret pc=0x000002ecbefc9e60 method=java.lang.String.startsWith(Ljava/lang/String;I)Z @ 14 c2
Event: 0.833 Thread 0x000002ecd3f8d800 Uncommon trap: reason=unstable_if action=reinterpret pc=0x000002ecbefa61c0 method=java.net.URI.match(CJJ)Z @ 45 c2

Classes redefined (0 events):
No events

Internal exceptions (10 events):
Event: 5.509 Thread 0x000002ecd47a6800 Exception <a 'java/net/ConnectException'{0x00000006cf208270}: Connection refused: connect> (0x00000006cf208270) thrown at [t:/workspace/hotspot/src/share/vm/prims/jni.cpp, line 625]
Event: 5.509 Thread 0x000002ecd4783000 Exception <a 'java/net/ConnectException'{0x00000006cfa88830}: Connection refused: connect> (0x00000006cfa88830) thrown at [t:/workspace/hotspot/src/share/vm/prims/jni.cpp, line 625]
Event: 5.610 Thread 0x000002ecd477a000 Exception <a 'java/net/ConnectException'{0x00000006cf088270}: Connection refused: connect> (0x00000006cf088270) thrown at [t:/workspace/hotspot/src/share/vm/prims/jni.cpp, line 625]
Event: 5.610 Thread 0x000002ecd47a8800 Exception <a 'java/net/ConnectException'{0x00000006cf288270}: Connection refused: connect> (0x00000006cf288270) thrown at [t:/workspace/hotspot/src/share/vm/prims/jni.cpp, line 625]
Event: 5.621 Thread 0x000002ecd477d000 Exception <a 'java/net/ConnectException'{0x00000006cff08830}: Connection refused: connect> (0x00000006cff08830) thrown at [t:/workspace/hotspot/src/share/vm/prims/jni.cpp, line 625]
Event: 5.689 Thread 0x000002ecd4785000 Exception <a 'java/net/ConnectException'{0x00000006ce307170}: Connection refused: connect> (0x00000006ce307170) thrown at [t:/workspace/hotspot/src/share/vm/prims/jni.cpp, line 625]
Event: 5.689 Thread 0x000002ecd470a800 Exception <a 'java/net/ConnectException'{0x00000006d0d88830}: Connection refused: connect> (0x00000006d0d88830) thrown at [t:/workspace/hotspot/src/share/vm/prims/jni.cpp, line 625]
Event: 5.689 Thread 0x000002ecd47a7000 Exception <a 'java/net/ConnectException'{0x00000006cf108270}: Connection refused: connect> (0x00000006cf108270) thrown at [t:/workspace/hotspot/src/share/vm/prims/jni.cpp, line 625]
Event: 5.689 Thread 0x000002ecd4782000 Exception <a 'java/net/ConnectException'{0x00000006cfa08830}: Connection refused: connect> (0x00000006cfa08830) thrown at [t:/workspace/hotspot/src/share/vm/prims/jni.cpp, line 625]
Event: 5.821 Thread 0x000002ecd470d000 Exception <a 'java/net/ConnectException'{0x00000006d0f08830}: Connection refused: connect> (0x00000006d0f08830) thrown at [t:/workspace/hotspot/src/share/vm/prims/jni.cpp, line 625]

Events (10 events):
Event: 6.581 loading class java/io/SerialCallbackContext done
Event: 8.738 loading class com/github/jomof/buildserver/client/ServerConnection$clang$1$1
Event: 8.738 loading class com/github/jomof/buildserver/client/ServerConnection$clang$1$1 done
Event: 8.739 Executing VM operation: Deoptimize
Event: 8.740 Executing VM operation: Deoptimize done
Event: 8.740 loading class com/github/jomof/buildserver/common/io/RemoteStdioKt
Event: 8.740 loading class com/github/jomof/buildserver/common/io/RemoteStdioKt done
Event: 24.651 loading class com/github/jomof/buildserver/common/messages/ClangResponse
Event: 24.651 loading class com/github/jomof/buildserver/common/messages/ClangResponse done
Event: 24.794 Thread 0x000002ecd47ad000 DEOPT PACKING pc=0x000002ecb7bcc5e1 sp=0x000000fddecfec30


Dynamic libraries:
0x00007ff67ed90000 - 0x00007ff67edce000 	C:\Program Files\Java\jdk-9.0.4\bin\java.exe
0x00007ffe43d20000 - 0x00007ffe43f0d000 	C:\WINDOWS\SYSTEM32\ntdll.dll
0x00007ffe43030000 - 0x00007ffe430e3000 	C:\WINDOWS\System32\KERNEL32.DLL
0x00007ffe40a70000 - 0x00007ffe40d03000 	C:\WINDOWS\System32\KERNELBASE.dll
0x00007ffe42d30000 - 0x00007ffe42dd3000 	C:\WINDOWS\System32\ADVAPI32.dll
0x00007ffe429f0000 - 0x00007ffe42a8e000 	C:\WINDOWS\System32\msvcrt.dll
0x00007ffe42f90000 - 0x00007ffe4302e000 	C:\WINDOWS\System32\sechost.dll
0x00007ffe433b0000 - 0x00007ffe434d3000 	C:\WINDOWS\System32\RPCRT4.dll
0x00007ffe436d0000 - 0x00007ffe43867000 	C:\WINDOWS\System32\USER32.dll
0x00007ffe408b0000 - 0x00007ffe408d0000 	C:\WINDOWS\System32\win32u.dll
0x00007ffe43380000 - 0x00007ffe433a9000 	C:\WINDOWS\System32\GDI32.dll
0x00007ffe40db0000 - 0x00007ffe40f4a000 	C:\WINDOWS\System32\gdi32full.dll
0x00007ffe408d0000 - 0x00007ffe40970000 	C:\WINDOWS\System32\msvcp_win.dll
0x00007ffe40970000 - 0x00007ffe40a6c000 	C:\WINDOWS\System32\ucrtbase.dll
0x00007ffe2e930000 - 0x00007ffe2eba9000 	C:\WINDOWS\WinSxS\amd64_microsoft.windows.common-controls_6595b64144ccf1df_6.0.17763.55_none_bfabd67a2c8ec77e\COMCTL32.dll
0x00007ffe42580000 - 0x00007ffe428ae000 	C:\WINDOWS\System32\combase.dll
0x00007ffe2ebc0000 - 0x00007ffe2ebca000 	C:\WINDOWS\SYSTEM32\VERSION.dll
0x00007ffe40780000 - 0x00007ffe407fe000 	C:\WINDOWS\System32\bcryptPrimitives.dll
0x00007ffe436a0000 - 0x00007ffe436ce000 	C:\WINDOWS\System32\IMM32.DLL
0x00007ffe1b790000 - 0x00007ffe1b87f000 	C:\Program Files\Java\jdk-9.0.4\bin\msvcr120.dll
0x00007ffe09120000 - 0x00007ffe091c6000 	C:\Program Files\Java\jdk-9.0.4\bin\msvcp120.dll
0x00000000601a0000 - 0x0000000060bc5000 	C:\Program Files\Java\jdk-9.0.4\bin\server\jvm.dll
0x00007ffe42d20000 - 0x00007ffe42d28000 	C:\WINDOWS\System32\PSAPI.DLL
0x00007ffe3b0c0000 - 0x00007ffe3b0c9000 	C:\WINDOWS\SYSTEM32\WSOCK32.dll
0x00007ffe42cb0000 - 0x00007ffe42d1d000 	C:\WINDOWS\System32\WS2_32.dll
0x00007ffe3df90000 - 0x00007ffe3dfb4000 	C:\WINDOWS\SYSTEM32\WINMM.dll
0x00007ffe3df50000 - 0x00007ffe3df7d000 	C:\WINDOWS\SYSTEM32\winmmbase.dll
0x00007ffe40d60000 - 0x00007ffe40daa000 	C:\WINDOWS\System32\cfgmgr32.dll
0x00007ffe27fd0000 - 0x00007ffe27fdf000 	C:\Program Files\Java\jdk-9.0.4\bin\verify.dll
0x00007ffe27450000 - 0x00007ffe27477000 	C:\Program Files\Java\jdk-9.0.4\bin\java.dll
0x00007ffe2b1c0000 - 0x00007ffe2b1ea000 	C:\Program Files\Java\jdk-9.0.4\bin\instrument.dll
0x00007ffe26dc0000 - 0x00007ffe26dd6000 	C:\Program Files\Java\jdk-9.0.4\bin\zip.dll
0x00007ffe27fc0000 - 0x00007ffe27fca000 	C:\Program Files\Java\jdk-9.0.4\bin\jimage.dll
0x00007ffe40f50000 - 0x00007ffe4243f000 	C:\WINDOWS\System32\SHELL32.dll
0x00007ffe432d0000 - 0x00007ffe43378000 	C:\WINDOWS\System32\shcore.dll
0x00007ffe40030000 - 0x00007ffe40778000 	C:\WINDOWS\System32\windows.storage.dll
0x00007ffe3fd20000 - 0x00007ffe3fd44000 	C:\WINDOWS\System32\profapi.dll
0x00007ffe3fd50000 - 0x00007ffe3fdad000 	C:\WINDOWS\System32\powrprof.dll
0x00007ffe434e0000 - 0x00007ffe43532000 	C:\WINDOWS\System32\shlwapi.dll
0x00007ffe3fdd0000 - 0x00007ffe3fde1000 	C:\WINDOWS\System32\kernel.appcore.dll
0x00007ffe40d40000 - 0x00007ffe40d57000 	C:\WINDOWS\System32\cryptsp.dll
0x00007ffe25c40000 - 0x00007ffe25c5a000 	C:\Program Files\Java\jdk-9.0.4\bin\net.dll
0x00007ffe30d40000 - 0x00007ffe30e31000 	C:\WINDOWS\SYSTEM32\WINHTTP.dll
0x00007ffe3f550000 - 0x00007ffe3f5b7000 	C:\WINDOWS\system32\mswsock.dll
0x00007ffe25810000 - 0x00007ffe25821000 	C:\Program Files\Java\jdk-9.0.4\bin\nio.dll
0x00007ffe2b210000 - 0x00007ffe2b22a000 	C:\Program Files\JetBrains\IntelliJ IDEA Community Edition 2018.2.4\bin\breakgen64.dll
0x00007ffe3f2f0000 - 0x00007ffe3f3b6000 	C:\WINDOWS\SYSTEM32\DNSAPI.dll
0x00007ffe428b0000 - 0x00007ffe428b8000 	C:\WINDOWS\System32\NSI.dll
0x00007ffe3f2b0000 - 0x00007ffe3f2ed000 	C:\WINDOWS\SYSTEM32\IPHLPAPI.DLL
0x00007ffe2fb40000 - 0x00007ffe2fb4a000 	C:\Windows\System32\rasadhlp.dll
0x00007ffe2fdc0000 - 0x00007ffe2fe39000 	C:\WINDOWS\System32\fwpuclnt.dll
0x00007ffe40d10000 - 0x00007ffe40d36000 	C:\WINDOWS\System32\bcrypt.dll
0x00007ffe2cab0000 - 0x00007ffe2cc9d000 	C:\WINDOWS\SYSTEM32\dbghelp.dll

VM Arguments:
jvm_args: -ea -Didea.test.cyclic.buffer.size=1048576 -javaagent:C:\Program Files\JetBrains\IntelliJ IDEA Community Edition 2018.2.4\lib\idea_rt.jar=49718:C:\Program Files\JetBrains\IntelliJ IDEA Community Edition 2018.2.4\bin -Dfile.encoding=UTF-8 
java_command: com.intellij.rt.execution.junit.JUnitStarter -ideVersion5 -junit4 com.github.jomof.buildserver.server.MasterServerTest,spam
java_class_path (initial): C:\Program Files\JetBrains\IntelliJ IDEA Community Edition 2018.2.4\lib\idea_rt.jar;C:\Program Files\JetBrains\IntelliJ IDEA Community Edition 2018.2.4\plugins\junit\lib\junit-rt.jar;C:\Program Files\JetBrains\IntelliJ IDEA Community Edition 2018.2.4\plugins\junit\lib\junit5-rt.jar;C:\Users\jomof\BuildServer\out\test\classes;C:\Users\jomof\BuildServer\out\test\resources;C:\Users\jomof\BuildServer\out\production\classes;C:\Users\jomof\.gradle\caches\modules-2\files-2.1\org.jetbrains.kotlin\kotlin-stdlib-jdk8\1.2.51\68faa6fb7e32a7665a6849f242bc621c3ed48101\kotlin-stdlib-jdk8-1.2.51.jar;C:\Users\jomof\.gradle\caches\modules-2\files-2.1\com.google.truth\truth\0.42\b5768f644b114e6cf5c3962c2ebcb072f788dcbb\truth-0.42.jar;C:\Users\jomof\.gradle\caches\modules-2\files-2.1\junit\junit\4.12\2973d150c0dc1fefe998f834810d68f278ea58ec\junit-4.12.jar;C:\Users\jomof\.gradle\caches\modules-2\files-2.1\net.java\quickcheck\0.6\483e7bd41b63dad07036d5bfac5711daf2469675\quickcheck-0.6.jar;C:\Users\jomof\.gradle\caches\modules-2\files-2.1\org.jetbrains.kotlin\kotlin-stdlib-jdk7\1.2.51\a37c0066df119c02f034bf17159089b588ccc41a\kotlin-stdlib-jdk7-1.2.51.jar;C:\Users\jomof\.gradle\caches\modules-2\files-2.1\org.jetbrains.kotlin\kotlin-stdlib\1.2.51\fa8127e505bff50fec291d0dd619d1bda5c619e0\kotlin-stdlib-1.2.51.jar;C:\Users\jomof\.gradle\caches\modules-2\files-2.1\org.hamcrest\hamcrest-core\1.3\42a25dc3219429f0e5d060061f71acb49bf010a0\hamcrest-core-1.3.jar;C:\Users\jomof\.gradle\caches\modules-2\files-2.1\com.google.guava\guava\25.1-android\bdaab946ca5ad20253502d873ba0c3313d141036\guava-25.1-android.jar;C:\Users\jomof\.gradle\caches\modules-2\files-2.1\org.checkerframework\checker-compat-qual\2.5.3\45f92d2e0676d05ae9297269b8268f93a875d4a\checker-compat-qual-2.5.3.jar;C:\Users\jomof\.gradle\caches\modules-2\files-2.1\org.checkerframework\checker-qual\2.5.3\4fe154d21bd734fe8c94ada37cdc41a9a6d61776\checker-qual-2.5.3.jar;C:\Users\jomof\.gradle\caches\modules-2\files-2.
Launcher Type: SUN_STANDARD

Logging:
Log output configuration:
#0: stdout all=warning uptime,level,tags
#1: stderr all=off uptime,level,tags

Environment Variables:
PATH=C:\ProgramData\Oracle\Java\javapath;C:\Program Files (x86)\Razer Chroma SDK\bin;C:\Program Files\Razer Chroma SDK\bin;C:\Program Files (x86)\Intel\iCLS Client\;C:\Program Files\Intel\iCLS Client\;C:\Windows\system32;C:\Windows;C:\Windows\System32\Wbem;C:\Windows\System32\WindowsPowerShell\v1.0\;C:\Program Files (x86)\Intel\Intel(R) Management Engine Components\DAL;C:\Program Files\Intel\Intel(R) Management Engine Components\DAL;C:\Program Files (x86)\Intel\Intel(R) Management Engine Components\IPT;C:\Program Files\Intel\Intel(R) Management Engine Components\IPT;C:\Users\Administrator\AppData\Local\Microsoft\WindowsApps;C:\WINDOWS\system32;C:\WINDOWS;C:\WINDOWS\System32\Wbem;C:\WINDOWS\System32\WindowsPowerShell\v1.0\;C:\Program Files\Git\cmd;C:\Program Files\nodejs\;C:\WINDOWS\System32\OpenSSH\;C:\Program Files (x86)\Windows Kits\8.1\Windows Performance Toolkit\;C:\Ruby25-x64\bin;C:\Users\jomof\AppData\Local\Microsoft\WindowsApps;C:\Users\jomof\AppData\Roaming\npm;C:\Program Files\Microsoft VS Code\bin;
USERNAME=jomof
OS=Windows_NT
PROCESSOR_IDENTIFIER=Intel64 Family 6 Model 142 Stepping 9, GenuineIntel



---------------  S Y S T E M  ---------------

OS: Windows 10 , 64 bit Build 17763 (10.0.17763.1)

CPU:total 4 (initial active 4) (2 cores per cpu, 2 threads per core) family 6 model 142 stepping 9, cmov, cx8, fxsr, mmx, sse, sse2, sse3, ssse3, sse4.1, sse4.2, popcnt, avx, avx2, aes, clmul, erms, 3dnowpref, lzcnt, ht, tsc, tscinvbit, bmi1, bmi2, adx, fma

Memory: 4k page, physical 16669116k(2937284k free), swap 46311480k(24892k free)

vm_info: Java HotSpot(TM) 64-Bit Server VM (9.0.4+11) for windows-amd64 JRE (9.0.4+11), built on Dec 20 2017 02:18:54 by "mach5one" with MS VC++ 12.0 (VS2013)

END.
